<?xml version="1.0" encoding="UTF-8"?>
<testng-results ignored="0" total="0" passed="0" failed="0" skipped="0">
  <reporter-output>
  </reporter-output>
  <suite started-at="2023-07-26T22:36:39 EDT" name="BaseTest" finished-at="2023-07-26T22:36:39 EDT" duration-ms="6">
    <groups>
    </groups>
    <test started-at="2023-07-26T22:36:39 EDT" name="Command line test" finished-at="2023-07-26T22:36:39 EDT" duration-ms="6">
    </test> <!-- Command line test -->
  </suite> <!-- BaseTest -->
</testng-results>
